<?xml version="1.0" encoding="UTF-8"?>
<testsuite name="TraderTest" tests="3" skipped="0" failures="0" errors="0" timestamp="2022-10-09T23:51:51" hostname="Erics-MacBook-Pro-2.local" time="0.01">
  <properties/>
  <testcase name="TestEmptyConstructor" classname="TraderTest" time="0.003"/>
  <testcase name="TestAddToWishlist" classname="TraderTest" time="0.004"/>
  <testcase name="TestGetSellingPrice" classname="TraderTest" time="0.003"/>
  <system-out><![CDATA[]]></system-out>
  <system-err><![CDATA[]]></system-err>
</testsuite>
